{
  "stats": {
    "suites": 0,
    "tests": 1,
    "passes": 0,
    "pending": 0,
    "failures": 1,
    "start": "2022-09-01T05:41:43.055Z",
    "end": "2022-09-01T05:41:43.389Z",
    "duration": 334,
    "testsRegistered": 1,
    "passPercent": 0,
    "pendingPercent": 0,
    "other": 0,
    "hasOther": false,
    "skipped": 0,
    "hasSkipped": false
  },
  "results": [
    {
      "uuid": "f8175d24-059c-4c4b-b65b-378a0f7541fc",
      "title": "",
      "fullFile": "cypress\\e2e\\Test1.cy.js",
      "file": "cypress\\e2e\\Test1.cy.js",
      "beforeHooks": [],
      "afterHooks": [],
      "tests": [
        {
          "title": "Google Search",
          "fullTitle": "Google Search",
          "timedOut": null,
          "duration": 219,
          "state": "failed",
          "speed": null,
          "pass": false,
          "fail": true,
          "pending": false,
          "context": null,
          "code": "cy.visit('https://google.com');\ncy.get('.gLFyf'), {\n  timeout: 4000\n}.type('automation step by step{Enter}'); //cy.contains('Google Search').click();",
          "err": {
            "message": "TypeError: {(intermediate value)}.type is not a function",
            "estack": "TypeError: {(intermediate value)}.type is not a function\n    at Context.eval (http://localhost:64411/__cypress/tests?p=cypress\\e2e\\Test1.cy.js:106:5)",
            "diff": null
          },
          "uuid": "95455172-deb7-4e3d-81ef-f6e18bb27080",
          "parentUUID": "f8175d24-059c-4c4b-b65b-378a0f7541fc",
          "isHook": false,
          "skipped": false
        }
      ],
      "suites": [],
      "passes": [],
      "failures": [
        "95455172-deb7-4e3d-81ef-f6e18bb27080"
      ],
      "pending": [],
      "skipped": [],
      "duration": 219,
      "root": true,
      "rootEmpty": false,
      "_timeout": 2000
    }
  ],
  "meta": {
    "mocha": {
      "version": "7.0.1"
    },
    "mochawesome": {
      "options": {
        "quiet": false,
        "reportFilename": "mochawesome",
        "saveHtml": false,
        "saveJson": true,
        "consoleReporter": "spec",
        "useInlineDiffs": false,
        "code": true
      },
      "version": "7.1.3"
    },
    "marge": {
      "options": {
        "charts": true,
        "overwrite": false,
        "html": false,
        "json": true,
        "reportDir": "cypress/reports"
      },
      "version": "6.2.0"
    }
  }
}