{
  "stats": {
    "suites": 0,
    "tests": 3,
    "passes": 3,
    "pending": 0,
    "failures": 0,
    "start": "2022-09-01T05:41:23.425Z",
    "end": "2022-09-01T05:41:23.587Z",
    "duration": 162,
    "testsRegistered": 3,
    "passPercent": 100,
    "pendingPercent": 0,
    "other": 0,
    "hasOther": false,
    "skipped": 0,
    "hasSkipped": false
  },
  "results": [
    {
      "uuid": "94a0d34f-0da3-4017-b00d-1f8b55b65421",
      "title": "",
      "fullFile": "cypress\\e2e\\readwritedemo.cy.js",
      "file": "cypress\\e2e\\readwritedemo.cy.js",
      "beforeHooks": [],
      "afterHooks": [],
      "tests": [
        {
          "title": "Read file using Fixture",
          "fullTitle": "Read file using Fixture",
          "timedOut": null,
          "duration": 60,
          "state": "passed",
          "speed": "fast",
          "pass": true,
          "fail": false,
          "pending": false,
          "context": null,
          "code": "cy.fixture('example.json').then(data => {\n  cy.log(data.name);\n  cy.log(data.email);\n});",
          "err": {},
          "uuid": "54ce1d98-3e7b-46b3-ac72-f8ee646edc99",
          "parentUUID": "94a0d34f-0da3-4017-b00d-1f8b55b65421",
          "isHook": false,
          "skipped": false
        },
        {
          "title": "Read file using readfile()",
          "fullTitle": "Read file using readfile()",
          "timedOut": null,
          "duration": 31,
          "state": "passed",
          "speed": "fast",
          "pass": true,
          "fail": false,
          "pending": false,
          "context": null,
          "code": "cy.readFile('./cypress/fixtures/example.json').then(data => {\n  cy.log(data.name);\n  cy.log(data.email);\n});",
          "err": {},
          "uuid": "3898884c-dea9-4322-a116-5c34d9b84f1d",
          "parentUUID": "94a0d34f-0da3-4017-b00d-1f8b55b65421",
          "isHook": false,
          "skipped": false
        },
        {
          "title": "write file deno writeFile()",
          "fullTitle": "write file deno writeFile()",
          "timedOut": null,
          "duration": 39,
          "state": "passed",
          "speed": "fast",
          "pass": true,
          "fail": false,
          "pending": false,
          "context": null,
          "code": "cy.writeFile('sample.txt', \"Hello im sumit\\n\");\ncy.writeFile('sample.txt', \"im Goswami\", {\n  flag: 'a+'\n});",
          "err": {},
          "uuid": "22190726-82b8-4c02-8422-6f877fd92d00",
          "parentUUID": "94a0d34f-0da3-4017-b00d-1f8b55b65421",
          "isHook": false,
          "skipped": false
        }
      ],
      "suites": [],
      "passes": [
        "54ce1d98-3e7b-46b3-ac72-f8ee646edc99",
        "3898884c-dea9-4322-a116-5c34d9b84f1d",
        "22190726-82b8-4c02-8422-6f877fd92d00"
      ],
      "failures": [],
      "pending": [],
      "skipped": [],
      "duration": 130,
      "root": true,
      "rootEmpty": false,
      "_timeout": 2000
    }
  ],
  "meta": {
    "mocha": {
      "version": "7.0.1"
    },
    "mochawesome": {
      "options": {
        "quiet": false,
        "reportFilename": "mochawesome",
        "saveHtml": false,
        "saveJson": true,
        "consoleReporter": "spec",
        "useInlineDiffs": false,
        "code": true
      },
      "version": "7.1.3"
    },
    "marge": {
      "options": {
        "charts": true,
        "overwrite": false,
        "html": false,
        "json": true,
        "reportDir": "cypress/reports"
      },
      "version": "6.2.0"
    }
  }
}