{
  "stats": {
    "suites": 0,
    "tests": 1,
    "passes": 1,
    "pending": 0,
    "failures": 0,
    "start": "2022-09-01T05:40:50.096Z",
    "end": "2022-09-01T05:40:53.977Z",
    "duration": 3881,
    "testsRegistered": 1,
    "passPercent": 100,
    "pendingPercent": 0,
    "other": 0,
    "hasOther": false,
    "skipped": 0,
    "hasSkipped": false
  },
  "results": [
    {
      "uuid": "a98374cb-69e3-448c-a637-db9a399c2a96",
      "title": "",
      "fullFile": "cypress\\e2e\\fileupload.cy.js",
      "file": "cypress\\e2e\\fileupload.cy.js",
      "beforeHooks": [],
      "afterHooks": [],
      "tests": [
        {
          "title": "File upload test",
          "fullTitle": "File upload test",
          "timedOut": null,
          "duration": 723,
          "state": "passed",
          "speed": "fast",
          "pass": true,
          "fail": false,
          "pending": false,
          "context": null,
          "code": "cy.visit('https://trytestingthis.netlify.app/');\ncy.get('#option').attachFile('example.json');",
          "err": {},
          "uuid": "4d83db10-448e-4abb-82d6-f5b6e896ca93",
          "parentUUID": "a98374cb-69e3-448c-a637-db9a399c2a96",
          "isHook": false,
          "skipped": false
        }
      ],
      "suites": [],
      "passes": [
        "4d83db10-448e-4abb-82d6-f5b6e896ca93"
      ],
      "failures": [],
      "pending": [],
      "skipped": [],
      "duration": 723,
      "root": true,
      "rootEmpty": false,
      "_timeout": 2000
    }
  ],
  "meta": {
    "mocha": {
      "version": "7.0.1"
    },
    "mochawesome": {
      "options": {
        "quiet": false,
        "reportFilename": "mochawesome",
        "saveHtml": false,
        "saveJson": true,
        "consoleReporter": "spec",
        "useInlineDiffs": false,
        "code": true
      },
      "version": "7.1.3"
    },
    "marge": {
      "options": {
        "charts": true,
        "overwrite": false,
        "html": false,
        "json": true,
        "reportDir": "cypress/reports"
      },
      "version": "6.2.0"
    }
  }
}