{
  "stats": {
    "suites": 1,
    "tests": 2,
    "passes": 2,
    "pending": 0,
    "failures": 0,
    "start": "2022-09-01T05:41:02.500Z",
    "end": "2022-09-01T05:41:14.956Z",
    "duration": 12456,
    "testsRegistered": 2,
    "passPercent": 100,
    "pendingPercent": 0,
    "other": 0,
    "hasOther": false,
    "skipped": 0,
    "hasSkipped": false
  },
  "results": [
    {
      "uuid": "a3b48068-77dd-4d96-965d-d3ff4f3d80e3",
      "title": "",
      "fullFile": "cypress\\e2e\\pomdemo.cy.js",
      "file": "cypress\\e2e\\pomdemo.cy.js",
      "beforeHooks": [],
      "afterHooks": [],
      "tests": [],
      "suites": [
        {
          "uuid": "c2bce876-da3e-48d4-9637-f12841a3b6de",
          "title": "all login test",
          "fullFile": "",
          "file": "",
          "beforeHooks": [],
          "afterHooks": [],
          "tests": [
            {
              "title": "Login Test 1",
              "fullTitle": "all login test Login Test 1",
              "timedOut": null,
              "duration": 6478,
              "state": "passed",
              "speed": "medium",
              "pass": true,
              "fail": false,
              "pending": false,
              "context": null,
              "code": "loginPage.enterUserName('Admin');\nloginPage.enterPassword('admin123');\nloginPage.clickLogin();",
              "err": {},
              "uuid": "48411068-522a-41f3-bf2a-a4fa0a88610b",
              "parentUUID": "c2bce876-da3e-48d4-9637-f12841a3b6de",
              "isHook": false,
              "skipped": false
            },
            {
              "title": "Login Test 2",
              "fullTitle": "all login test Login Test 2",
              "timedOut": null,
              "duration": 2381,
              "state": "passed",
              "speed": "fast",
              "pass": true,
              "fail": false,
              "pending": false,
              "context": null,
              "code": "loginPage.enterUserName('Admin');\nloginPage.enterPassword('admin123');\nloginPage.clickLogin();",
              "err": {},
              "uuid": "2b85aac5-ebad-4037-80d9-2a09b333611b",
              "parentUUID": "c2bce876-da3e-48d4-9637-f12841a3b6de",
              "isHook": false,
              "skipped": false
            }
          ],
          "suites": [],
          "passes": [
            "48411068-522a-41f3-bf2a-a4fa0a88610b",
            "2b85aac5-ebad-4037-80d9-2a09b333611b"
          ],
          "failures": [],
          "pending": [],
          "skipped": [],
          "duration": 8859,
          "root": false,
          "rootEmpty": false,
          "_timeout": 2000
        }
      ],
      "passes": [],
      "failures": [],
      "pending": [],
      "skipped": [],
      "duration": 0,
      "root": true,
      "rootEmpty": true,
      "_timeout": 2000
    }
  ],
  "meta": {
    "mocha": {
      "version": "7.0.1"
    },
    "mochawesome": {
      "options": {
        "quiet": false,
        "reportFilename": "mochawesome",
        "saveHtml": false,
        "saveJson": true,
        "consoleReporter": "spec",
        "useInlineDiffs": false,
        "code": true
      },
      "version": "7.1.3"
    },
    "marge": {
      "options": {
        "charts": true,
        "overwrite": false,
        "html": false,
        "json": true,
        "reportDir": "cypress/reports"
      },
      "version": "6.2.0"
    }
  }
}